0 info it worked if it ends with ok
1 verbose cli [ 'C:\\Program Files (x86)\\nodejs\\node.exe',
1 verbose cli   'C:\\Program Files (x86)\\nodejs\\node_modules\\npm\\bin\\npm-cli.js',
1 verbose cli   'i',
1 verbose cli   '--save-dev',
1 verbose cli   'eslint',
1 verbose cli   '[eslint-plugins]' ]
2 info using npm@2.14.7
3 info using node@v4.2.2
4 verbose install initial load of C:\cygwin64\home\Kenny Suh\code-blog\package.json
5 verbose readDependencies loading dependencies from C:\cygwin64\home\Kenny Suh\code-blog\package.json
6 silly cache add args [ 'eslint', null ]
7 verbose cache add spec eslint
8 silly cache add args [ '[eslint-plugins]', null ]
9 verbose cache add spec [eslint-plugins]
10 silly cache add parsed spec Result {
10 silly cache add   raw: 'eslint',
10 silly cache add   scope: null,
10 silly cache add   name: 'eslint',
10 silly cache add   rawSpec: '',
10 silly cache add   spec: '*',
10 silly cache add   type: 'range' }
11 silly addNamed eslint@*
12 verbose addNamed "*" is a valid semver range for eslint
13 silly addNameRange { name: 'eslint', range: '*', hasData: false }
14 silly mapToRegistry name eslint
15 silly mapToRegistry using default registry
16 silly mapToRegistry registry https://registry.npmjs.org/
17 silly mapToRegistry uri https://registry.npmjs.org/eslint
18 verbose addNameRange registry:https://registry.npmjs.org/eslint not in flight; fetching
19 silly cache add parsed spec Result {
19 silly cache add   raw: '[eslint-plugins]',
19 silly cache add   scope: null,
19 silly cache add   name: null,
19 silly cache add   rawSpec: '[eslint-plugins]',
19 silly cache add   spec: 'C:\\cygwin64\\home\\Kenny Suh\\code-blog\\[eslint-plugins]',
19 silly cache add   type: 'local' }
20 error addLocal Could not install C:\cygwin64\home\Kenny Suh\code-blog\[eslint-plugins]
21 verbose request uri https://registry.npmjs.org/eslint
22 verbose request no auth needed
23 info attempt registry request try #1 at 9:13:46 AM
24 verbose request id 6a63d6268f8c7636
25 verbose etag "BOMU0KHWM7ZVI4GWDTV7PG2V2"
26 http request GET https://registry.npmjs.org/eslint
27 http 200 https://registry.npmjs.org/eslint
28 verbose headers { server: 'CouchDB/1.5.0 (Erlang OTP/R16B03)',
28 verbose headers   etag: '"9YKHS5ARL6WME2TMTR0JYK6MD"',
28 verbose headers   'content-type': 'application/json',
28 verbose headers   'cache-control': 'max-age=60',
28 verbose headers   'content-length': '213846',
28 verbose headers   'accept-ranges': 'bytes',
28 verbose headers   date: 'Wed, 02 Dec 2015 17:13:45 GMT',
28 verbose headers   via: '1.1 varnish',
28 verbose headers   age: '54',
28 verbose headers   connection: 'keep-alive',
28 verbose headers   'x-served-by': 'cache-lax1432-LAX',
28 verbose headers   'x-cache': 'HIT',
28 verbose headers   'x-cache-hits': '1',
28 verbose headers   'x-timer': 'S1449076425.877495,VS0,VE1',
28 verbose headers   vary: 'Accept' }
29 silly get cb [ 200,
29 silly get   { server: 'CouchDB/1.5.0 (Erlang OTP/R16B03)',
29 silly get     etag: '"9YKHS5ARL6WME2TMTR0JYK6MD"',
29 silly get     'content-type': 'application/json',
29 silly get     'cache-control': 'max-age=60',
29 silly get     'content-length': '213846',
29 silly get     'accept-ranges': 'bytes',
29 silly get     date: 'Wed, 02 Dec 2015 17:13:45 GMT',
29 silly get     via: '1.1 varnish',
29 silly get     age: '54',
29 silly get     connection: 'keep-alive',
29 silly get     'x-served-by': 'cache-lax1432-LAX',
29 silly get     'x-cache': 'HIT',
29 silly get     'x-cache-hits': '1',
29 silly get     'x-timer': 'S1449076425.877495,VS0,VE1',
29 silly get     vary: 'Accept' } ]
30 verbose get saving eslint to C:\Users\Kenneth Suh\AppData\Roaming\npm-cache\registry.npmjs.org\eslint\.cache.json
31 silly addNameRange number 2 { name: 'eslint', range: '*', hasData: true }
32 silly addNameRange versions [ 'eslint',
32 silly addNameRange   [ '0.0.4',
32 silly addNameRange     '0.0.5',
32 silly addNameRange     '0.0.6',
32 silly addNameRange     '0.0.7',
32 silly addNameRange     '0.1.0-dev',
32 silly addNameRange     '0.1.0',
32 silly addNameRange     '0.1.1',
32 silly addNameRange     '0.1.2',
32 silly addNameRange     '0.1.3',
32 silly addNameRange     '0.1.4',
32 silly addNameRange     '0.2.0',
32 silly addNameRange     '0.3.0',
32 silly addNameRange     '0.4.0',
32 silly addNameRange     '0.4.1',
32 silly addNameRange     '0.4.2',
32 silly addNameRange     '0.4.3',
32 silly addNameRange     '0.4.4',
32 silly addNameRange     '0.4.5',
32 silly addNameRange     '0.5.0',
32 silly addNameRange     '0.5.1',
32 silly addNameRange     '0.6.0',
32 silly addNameRange     '0.6.1',
32 silly addNameRange     '0.6.2',
32 silly addNameRange     '0.7.1',
32 silly addNameRange     '0.7.2',
32 silly addNameRange     '0.7.3',
32 silly addNameRange     '0.7.4',
32 silly addNameRange     '0.8.0',
32 silly addNameRange     '0.8.1',
32 silly addNameRange     '0.8.2',
32 silly addNameRange     '0.9.0',
32 silly addNameRange     '0.9.1',
32 silly addNameRange     '0.9.2',
32 silly addNameRange     '0.10.0-alpha',
32 silly addNameRange     '0.10.0-alpha.1',
32 silly addNameRange     '0.10.0-alpha.2',
32 silly addNameRange     '0.10.0',
32 silly addNameRange     '0.11.0-alpha.0',
32 silly addNameRange     '0.10.1',
32 silly addNameRange     '0.10.2',
32 silly addNameRange     '0.11.0',
32 silly addNameRange     '0.12.0',
32 silly addNameRange     '0.13.0',
32 silly addNameRange     '0.14.0',
32 silly addNameRange     '0.14.1',
32 silly addNameRange     '0.15.0',
32 silly addNameRange     '0.15.1',
32 silly addNameRange     '0.16.0',
32 silly addNameRange     '0.16.1',
32 silly addNameRange     '0.16.2',
32 silly addNameRange     '0.17.0',
32 silly addNameRange     '0.17.1',
32 silly addNameRange     '0.18.0',
32 silly addNameRange     '0.19.0',
32 silly addNameRange     '0.20.0',
32 silly addNameRange     '0.21.0',
32 silly addNameRange     '0.21.1',
32 silly addNameRange     '0.21.2',
32 silly addNameRange     '0.22.0',
32 silly addNameRange     '0.22.1',
32 silly addNameRange     '0.23.0',
32 silly addNameRange     '0.24.0',
32 silly addNameRange     '0.24.1',
32 silly addNameRange     '1.0.0-rc-1',
32 silly addNameRange     '1.0.0-rc-2',
32 silly addNameRange     '1.0.0-rc-3',
32 silly addNameRange     '1.0.0',
32 silly addNameRange     '1.1.0',
32 silly addNameRange     '1.2.0',
32 silly addNameRange     '1.2.1',
32 silly addNameRange     '1.3.0',
32 silly addNameRange     '1.3.1',
32 silly addNameRange     '1.4.0',
32 silly addNameRange     '1.4.1',
32 silly addNameRange     '1.4.2',
32 silly addNameRange     '1.4.3',
32 silly addNameRange     '1.5.0',
32 silly addNameRange     '1.5.1',
32 silly addNameRange     '1.6.0',
32 silly addNameRange     '1.7.0',
32 silly addNameRange     '1.7.1',
32 silly addNameRange     '1.7.2',
32 silly addNameRange     '1.7.3',
32 silly addNameRange     '1.8.0',
32 silly addNameRange     '1.9.0',
32 silly addNameRange     '1.10.0',
32 silly addNameRange     '1.10.1',
32 silly addNameRange     '1.10.2',
32 silly addNameRange     '1.10.3' ] ]
33 silly addNamed eslint@1.10.3
34 verbose addNamed "1.10.3" is a plain semver version for eslint
35 silly mapToRegistry name eslint
36 silly mapToRegistry using default registry
37 silly mapToRegistry registry https://registry.npmjs.org/
38 silly mapToRegistry uri https://registry.npmjs.org/eslint
39 verbose addRemoteTarball https://registry.npmjs.org/eslint/-/eslint-1.10.3.tgz not in flight; adding
40 verbose addRemoteTarball [ 'https://registry.npmjs.org/eslint/-/eslint-1.10.3.tgz',
40 verbose addRemoteTarball   'fb19a91b13c158082bbca294b17d979bc8353a0a' ]
41 info retry fetch attempt 1 at 9:13:47 AM
42 info attempt registry request try #1 at 9:13:47 AM
43 http fetch GET https://registry.npmjs.org/eslint/-/eslint-1.10.3.tgz
44 http fetch 200 https://registry.npmjs.org/eslint/-/eslint-1.10.3.tgz
45 silly fetchAndShaCheck shasum fb19a91b13c158082bbca294b17d979bc8353a0a
46 verbose addTmpTarball C:\cygwin64\tmp\npm-5728-8f2fd37e\registry.npmjs.org\eslint\-\eslint-1.10.3.tgz not in flight; adding
47 verbose addTmpTarball already have metadata; skipping unpack for eslint@1.10.3
48 silly cache afterAdd eslint@1.10.3
49 verbose afterAdd C:\Users\Kenneth Suh\AppData\Roaming\npm-cache\eslint\1.10.3\package\package.json not in flight; writing
50 verbose afterAdd C:\Users\Kenneth Suh\AppData\Roaming\npm-cache\eslint\1.10.3\package\package.json written
51 verbose stack Error: ENOENT: no such file or directory, open 'C:\cygwin64\home\Kenny Suh\code-blog\[eslint-plugins]'
51 verbose stack     at Error (native)
52 verbose cwd C:\cygwin64\home\Kenny Suh\code-blog
53 error Windows_NT 10.0.10240
54 error argv "C:\\Program Files (x86)\\nodejs\\node.exe" "C:\\Program Files (x86)\\nodejs\\node_modules\\npm\\bin\\npm-cli.js" "i" "--save-dev" "eslint" "[eslint-plugins]"
55 error node v4.2.2
56 error npm  v2.14.7
57 error path C:\cygwin64\home\Kenny Suh\code-blog\[eslint-plugins]
58 error code ENOENT
59 error errno -4058
60 error syscall open
61 error enoent ENOENT: no such file or directory, open 'C:\cygwin64\home\Kenny Suh\code-blog\[eslint-plugins]'
61 error enoent This is most likely not a problem with npm itself
61 error enoent and is related to npm not being able to find a file.
62 verbose exit [ -4058, true ]
